<?xml version="1.0" encoding="UTF-8"?>
<!-- Generated by org.testng.reporters.JUnitReportReporter -->
<testsuite skipped="0" hostname="ADMIN-PC" name="runner.MyRunner" tests="1" failures="0" timestamp="07 Jun 2020 14:23:16 GMT" time="33.254" errors="0">
  <testcase name="runScenario" time="33.254" classname="runner.MyRunner"/>
</testsuite> <!-- runner.MyRunner -->
